<?xml version="1.0" encoding="UTF-8"?>
<testng-results skipped="0" failed="0" total="2" passed="2">
  <reporter-output>
  </reporter-output>
  <suite name="OrangeHRM Demo Test Suite" duration-ms="17693" started-at="2015-05-12T06:14:36Z" finished-at="2015-05-12T06:14:54Z">
    <groups>
    </groups>
    <test name="Login on OrangeHrm" duration-ms="13222" started-at="2015-05-12T06:14:36Z" finished-at="2015-05-12T06:14:49Z">
      <class name="OrangeHRM.LoginusingReflections">
        <test-method status="PASS" signature="loginTest()[pri:0, instance:OrangeHRM.LoginusingReflections@285855bd]" name="loginTest" duration-ms="13204" started-at="2015-05-11T23:14:36Z" finished-at="2015-05-11T23:14:49Z">
          <reporter-output>
          </reporter-output>
        </test-method> <!-- loginTest -->
      </class> <!-- OrangeHRM.LoginusingReflections -->
    </test> <!-- Login on OrangeHrm -->
    <test name="AddEmployee on OrangeHrm" duration-ms="4454" started-at="2015-05-12T06:14:49Z" finished-at="2015-05-12T06:14:54Z">
      <class name="OrangeHRM.AddEmployeeusingReflections">
        <test-method status="PASS" signature="loginTest()[pri:0, instance:OrangeHRM.AddEmployeeusingReflections@7fe9a140]" name="loginTest" duration-ms="4451" started-at="2015-05-11T23:14:49Z" finished-at="2015-05-11T23:14:54Z">
          <reporter-output>
          </reporter-output>
        </test-method> <!-- loginTest -->
      </class> <!-- OrangeHRM.AddEmployeeusingReflections -->
    </test> <!-- AddEmployee on OrangeHrm -->
  </suite> <!-- OrangeHRM Demo Test Suite -->
</testng-results>
